The request for url / came 
The request for url /favicon.ico came 
The request for url /data came 
The request for url /favicon.ico came 
The request for url / came 
The request for url /favicon.ico came 
The request for url / came 
The request for url /favicon.ico came 
The request for url / came 
The request for url /favicon.ico came 
The request for url / came 
The request for url /favicon.ico came 
The request for url / came 
The request for url /favicon.ico came 
The request for url / came 
The request for url /favicon.ico came 
The request for url / came 
The request for url /favicon.ico came 
The request for url / came 
The request for url /favicon.ico came 
The request for url / came 
The request for url /favicon.ico came 
The request for url /?name=%22john%22 came 
The request for url /?name=john came 
The request for url /?name=john came 
The request for url /favicon.ico came 
The request for url /?name=john came 
The request for url /favicon.ico came 
The request for url /?name=john came 
The request for url /favicon.ico came 
The request for url /?name=john came 
The request for url /favicon.ico came 
The request for url /?name=john came 
The request for url /favicon.ico came 
The request for url /?name=john came 
The request for url /favicon.ico came 
The request for url /?name=john came 
The request for url /favicon.ico came 
The request for url /?name=john came 
The request for url /favicon.ico came 
The request for url /data came 
The request for url /data came 
The request for url /data came 
The request for url /data came 
The request for url /favicon.ico came 
The request for url /data?name=john&age=20 came 
The request for url /data?name=john&age=20 came 
The request for url /favicon.ico came 
The request for url /data?name=john&age=20 came 
The request for url /favicon.ico came 
The request for url /data?name=john&age=20 came 
The request for url /favicon.ico came 
